[    0.000000] Initializing cgroup subsys cpuset
[    0.000000] Initializing cgroup subsys cpu
[    0.000000] Initializing cgroup subsys cpuacct
[    0.000000] Linux version 4.4.0-139-generic (buildd@lgw01-amd64-031) (gcc version 5.4.0 20160609 (Ubuntu 5.4.0-6ubuntu1~16.04.10) ) #165-Ubuntu SMP Wed Oct 24 10:55:26 UTC 2018 (Ubuntu 4.4.0-139.165-generic 4.4.160)
[    0.000000] KERNEL supported cpus:
[    0.000000]   Intel GenuineIntel
[    0.000000]   AMD AuthenticAMD
[    0.000000]   NSC Geode by NSC
[    0.000000]   Cyrix CyrixInstead
[    0.000000]   Centaur CentaurHauls
[    0.000000]   Transmeta GenuineTMx86
[    0.000000]   Transmeta TransmetaCPU
[    0.000000]   UMC UMC UMC UMC
[    0.000000] x86/fpu: xstate_offset[2]:  576, xstate_sizes[2]:  256
[    0.000000] x86/fpu: Supporting XSAVE feature 0x01: 'x87 floating point registers'
[    0.000000] x86/fpu: Supporting XSAVE feature 0x02: 'SSE registers'
[    0.000000] x86/fpu: Supporting XSAVE feature 0x04: 'AVX registers'
[    0.000000] x86/fpu: Enabled xstate features 0x7, context size is 832 bytes, using 'standard' format.
[    0.000000] e820: BIOS-provided physical RAM map:
[    0.000000] BIOS-e820: [mem 0x0000000000000000-0x000000000009fbff] usable
[    0.000000] BIOS-e820: [mem 0x000000000009fc00-0x000000000009ffff] reserved
[    0.000000] BIOS-e820: [mem 0x00000000000f0000-0x00000000000fffff] reserved
[    0.000000] BIOS-e820: [mem 0x0000000000100000-0x000000007ffeffff] usable
[    0.000000] BIOS-e820: [mem 0x000000007fff0000-0x000000007fffffff] ACPI data
[    0.000000] BIOS-e820: [mem 0x00000000fec00000-0x00000000fec00fff] reserved
[    0.000000] BIOS-e820: [mem 0x00000000fee00000-0x00000000fee00fff] reserved
[    0.000000] BIOS-e820: [mem 0x00000000fffc0000-0x00000000ffffffff] reserved
[    0.000000] NX (Execute Disable) protection: active
[    0.000000] SMBIOS 2.5 present.
[    0.000000] Hypervisor detected: KVM
[    0.000000] e820: last_pfn = 0x7fff0 max_arch_pfn = 0x1000000
[    0.000000] MTRR: Disabled
[    0.000000] x86/PAT: MTRRs disabled, skipping PAT initialization too.
[    0.000000] CPU MTRRs all blank - virtualized system.
[    0.000000] x86/PAT: Configuration [0-7]: WB  WT  UC- UC  WB  WT  UC- UC  
[    0.000000] found SMP MP-table at [mem 0x0009fff0-0x0009ffff] mapped at [c009fff0]
[    0.000000] Scanning 1 areas for low memory corruption
[    0.000000] RAMDISK: [mem 0x3631a000-0x37184fff]
[    0.000000] ACPI: Early table checksum verification disabled
[    0.000000] ACPI: RSDP 0x00000000000E0000 000024 (v02 VBOX  )
[    0.000000] ACPI: XSDT 0x000000007FFF0030 00003C (v01 VBOX   VBOXXSDT 00000001 ASL  00000061)
[    0.000000] ACPI: FACP 0x000000007FFF00F0 0000F4 (v04 VBOX   VBOXFACP 00000001 ASL  00000061)
[    0.000000] ACPI: DSDT 0x000000007FFF0470 0021FF (v02 VBOX   VBOXBIOS 00000002 INTL 20100528)
[    0.000000] ACPI: FACS 0x000000007FFF0200 000040
[    0.000000] ACPI: FACS 0x000000007FFF0200 000040
[    0.000000] ACPI: APIC 0x000000007FFF0240 000054 (v02 VBOX   VBOXAPIC 00000001 ASL  00000061)
[    0.000000] ACPI: SSDT 0x000000007FFF02A0 0001CC (v01 VBOX   VBOXCPUT 00000002 INTL 20100528)
[    0.000000] 1155MB HIGHMEM available.
[    0.000000] 891MB LOWMEM available.
[    0.000000]   mapped low ram: 0 - 37bfe000
[    0.000000]   low ram: 0 - 37bfe000
[    0.000000] kvm-clock: Using msrs 4b564d01 and 4b564d00
[    0.000000] kvm-clock: cpu 0, msr 0:37bfd001, primary cpu clock
[    0.000000] kvm-clock: using sched offset of 3509976392 cycles
[    0.000000] clocksource: kvm-clock: mask: 0xffffffffffffffff max_cycles: 0x1cd42e4dffb, max_idle_ns: 881590591483 ns
[    0.000000] Zone ranges:
[    0.000000]   DMA      [mem 0x0000000000001000-0x0000000000ffffff]
[    0.000000]   Normal   [mem 0x0000000001000000-0x0000000037bfdfff]
[    0.000000]   HighMem  [mem 0x0000000037bfe000-0x000000007ffeffff]
[    0.000000] Movable zone start for each node
[    0.000000] Early memory node ranges
[    0.000000]   node   0: [mem 0x0000000000001000-0x000000000009efff]
[    0.000000]   node   0: [mem 0x0000000000100000-0x000000007ffeffff]
[    0.000000] Initmem setup node 0 [mem 0x0000000000001000-0x000000007ffeffff]
[    0.000000] Using APIC driver default
[    0.000000] ACPI: PM-Timer IO Port: 0x4008
[    0.000000] IOAPIC[0]: apic_id 1, version 32, address 0xfec00000, GSI 0-23
[    0.000000] ACPI: INT_SRC_OVR (bus 0 bus_irq 0 global_irq 2 dfl dfl)
[    0.000000] ACPI: INT_SRC_OVR (bus 0 bus_irq 9 global_irq 9 low level)
[    0.000000] Using ACPI (MADT) for SMP configuration information
[    0.000000] smpboot: Allowing 1 CPUs, 0 hotplug CPUs
[    0.000000] PM: Registered nosave memory: [mem 0x00000000-0x00000fff]
[    0.000000] PM: Registered nosave memory: [mem 0x0009f000-0x0009ffff]
[    0.000000] PM: Registered nosave memory: [mem 0x000a0000-0x000effff]
[    0.000000] PM: Registered nosave memory: [mem 0x000f0000-0x000fffff]
[    0.000000] e820: [mem 0x80000000-0xfebfffff] available for PCI devices
[    0.000000] Booting paravirtualized kernel on KVM
[    0.000000] clocksource: refined-jiffies: mask: 0xffffffff max_cycles: 0xffffffff, max_idle_ns: 7645519600211568 ns
[    0.000000] setup_percpu: NR_CPUS:8 nr_cpumask_bits:8 nr_cpu_ids:1 nr_node_ids:1
[    0.000000] PERCPU: Embedded 19 pages/cpu @f71c3000 s47436 r0 d30388 u77824
[    0.000000] PV qspinlock hash table entries: 512 (order: 0, 4096 bytes)
[    0.000000] Built 1 zonelists in Zone order, mobility grouping on.  Total pages: 521944
[    0.000000] Kernel command line: BOOT_IMAGE=/boot/vmlinuz-4.4.0-139-generic root=LABEL=cloudimg-rootfs ro console=tty1 console=ttyS0
[    0.000000] PID hash table entries: 4096 (order: 2, 16384 bytes)
[    0.000000] Dentry cache hash table entries: 131072 (order: 7, 524288 bytes)
[    0.000000] Inode-cache hash table entries: 65536 (order: 6, 262144 bytes)
[    0.000000] Initializing CPU#0
[    0.000000] Initializing HighMem for node 0 (00037bfe:0007fff0)
[    0.000000] Initializing Movable for node 0 (00000000:00000000)
[    0.000000] Memory: 2046452K/2096696K available (8050K kernel code, 782K rwdata, 3180K rodata, 952K init, 800K bss, 50244K reserved, 0K cma-reserved, 1183688K highmem)
[    0.000000] virtual kernel memory layout:
[    0.000000]     fixmap  : 0xfff15000 - 0xfffff000   ( 936 kB)
[    0.000000]     pkmap   : 0xffc00000 - 0xffe00000   (2048 kB)
[    0.000000]     vmalloc : 0xf83fe000 - 0xffbfe000   ( 120 MB)
[    0.000000]     lowmem  : 0xc0000000 - 0xf7bfe000   ( 891 MB)
[    0.000000]       .init : 0xc1bbe000 - 0xc1cac000   ( 952 kB)
[    0.000000]       .data : 0xc17dcc84 - 0xc1bbc980   (3967 kB)
[    0.000000]       .text : 0xc1000000 - 0xc17dcc84   (8051 kB)
[    0.000000] Checking if this processor honours the WP bit even in supervisor mode...Ok.
[    0.000000] SLUB: HWalign=64, Order=0-3, MinObjects=0, CPUs=1, Nodes=1
[    0.000000] Hierarchical RCU implementation.
[    0.000000] 	Build-time adjustment of leaf fanout to 32.
[    0.000000] 	RCU restricting CPUs from NR_CPUS=8 to nr_cpu_ids=1.
[    0.000000] RCU: Adjusting geometry for rcu_fanout_leaf=32, nr_cpu_ids=1
[    0.000000] NR_IRQS:2304 nr_irqs:256 16
[    0.000000] Console: colour VGA+ 80x25
[    0.000000] console [tty1] enabled
[    0.000000] console [ttyS0] enabled
[    0.000000] allocated 2097152 bytes of page_ext
[    0.000000] tsc: Detected 2304.000 MHz processor
[    1.048579] Calibrating delay loop (skipped) preset value.. 4608.00 BogoMIPS (lpj=9216000)
[    1.057145] pid_max: default: 32768 minimum: 301
[    1.069459] ACPI: Core revision 20150930
[    1.071338] ACPI: 2 ACPI AML tables successfully acquired and loaded
[    1.102908] Security Framework initialized
[    1.105499] Yama: becoming mindful.
[    1.106490] AppArmor: AppArmor initialized
[    1.107720] Mount-cache hash table entries: 2048 (order: 1, 8192 bytes)
[    1.109275] Mountpoint-cache hash table entries: 2048 (order: 1, 8192 bytes)
[    1.112410] Initializing cgroup subsys io
[    1.113456] Initializing cgroup subsys memory
[    1.115917] Initializing cgroup subsys devices
[    1.117038] Initializing cgroup subsys freezer
[    1.131054] Initializing cgroup subsys net_cls
[    1.147896] Initializing cgroup subsys perf_event
[    1.166777] Initializing cgroup subsys net_prio
[    1.169061] Initializing cgroup subsys hugetlb
[    1.185041] Initializing cgroup subsys pids
[    1.223434] mce: CPU supports 0 MCE banks
[    1.270676] process: using mwait in idle threads
[    1.292191] Last level iTLB entries: 4KB 64, 2MB 8, 4MB 8
[    1.314345] Last level dTLB entries: 4KB 64, 2MB 0, 4MB 0, 1GB 4
[    1.359063] Spectre V2 : Mitigation: Full generic retpoline
[    1.371173] Spectre V2 : Spectre v2 mitigation: Speculation control IBPB not-supported IBRS not-supported
[    1.413157] Spectre V2 : Spectre v2 / SpectreRSB mitigation: Filling RSB on context switch
[    1.446411] Speculative Store Bypass: Vulnerable
[    1.470830] Freeing SMP alternatives memory: 32K
[    1.573880] ftrace: allocating 31552 entries in 62 pages
[    1.669237] smpboot: APIC(0) Converting physical 0 to logical package 0
[    1.672807] smpboot: Max logical packages: 1
[    1.700037] Enabling APIC mode:  Flat.  Using 1 I/O APICs
[    1.734541] ..TIMER: vector=0x30 apic1=0 pin1=2 apic2=-1 pin2=-1
[    1.851461] smpboot: CPU0: Intel(R) Core(TM) i5-8300H CPU @ 2.30GHz (family: 0x6, model: 0x9e, stepping: 0xa)
[    1.875194] Performance Events: unsupported p6 CPU model 158 no PMU driver, software events only.
[    1.923573] KVM setup paravirtual spinlock
[    1.926614] x86: Booted up 1 node, 1 CPUs
[    1.927880] smpboot: Total of 1 processors activated (4608.00 BogoMIPS)
[    1.931026] devtmpfs: initialized
[    1.940791] evm: security.selinux
[    1.941635] evm: security.SMACK64
[    1.956391] evm: security.SMACK64EXEC
[    1.961815] evm: security.SMACK64TRANSMUTE
[    1.962600] evm: security.SMACK64MMAP
[    1.963312] evm: security.ima
[    1.963961] evm: security.capability
[    1.976532] clocksource: jiffies: mask: 0xffffffff max_cycles: 0xffffffff, max_idle_ns: 7645041785100000 ns
[    2.003539] futex hash table entries: 256 (order: 2, 16384 bytes)
[    2.025177] pinctrl core: initialized pinctrl subsystem
[    2.092253] RTC time: 16:33:56, date: 01/03/19
[    2.112628] NET: Registered protocol family 16
[    2.145920] EISA bus registered
[    2.190078] cpuidle: using governor ladder
[    2.219996] cpuidle: using governor menu
[    2.228126] PCCT header not found.
[    2.248872] ACPI: bus type PCI registered
[    2.272823] acpiphp: ACPI Hot Plug PCI Controller Driver version: 0.5
[    2.281092] PCI : PCI BIOS area is rw and x. Use pci=nobios if you want it NX.
[    2.326121] PCI: PCI BIOS revision 2.10 entry at 0xfda26, last bus=0
[    2.353951] PCI: Using configuration type 1 for base access
[    2.356321] ACPI: Added _OSI(Module Device)
[    2.383770] ACPI: Added _OSI(Processor Device)
[    2.403766] ACPI: Added _OSI(3.0 _SCP Extensions)
[    2.415602] ACPI: Added _OSI(Processor Aggregator Device)
[    2.451672] ACPI: Executed 1 blocks of module-level executable AML code
[    2.490101] ACPI: Interpreter enabled
[    2.528110] ACPI: (supports S0 S5)
[    2.536664] ACPI: Using IOAPIC for interrupt routing
[    2.537478] PCI: Using host bridge windows from ACPI; if necessary, use "pci=nocrs" and report a bug
[    2.563455] ACPI: PCI Root Bridge [PCI0] (domain 0000 [bus 00-ff])
[    2.588117] acpi PNP0A03:00: _OSC: OS supports [ASPM ClockPM Segments MSI]
[    2.597404] acpi PNP0A03:00: _OSC: not requesting OS control; OS requires [ExtendedConfig ASPM ClockPM MSI]
[    2.604744] acpi PNP0A03:00: fail to add MMCONFIG information, can't access extended PCI configuration space under this bridge.
[    2.629363] PCI host bridge to bus 0000:00
[    2.644411] pci_bus 0000:00: root bus resource [io  0x0000-0x0cf7 window]
[    2.647439] pci_bus 0000:00: root bus resource [io  0x0d00-0xffff window]
[    2.650410] pci_bus 0000:00: root bus resource [mem 0x000a0000-0x000bffff window]
[    2.663714] pci_bus 0000:00: root bus resource [mem 0x80000000-0xfdffffff window]
[    2.680015] pci_bus 0000:00: root bus resource [bus 00-ff]
[    2.721764] pci 0000:00:01.1: legacy IDE quirk: reg 0x10: [io  0x01f0-0x01f7]
[    2.731743] pci 0000:00:01.1: legacy IDE quirk: reg 0x14: [io  0x03f6]
[    2.732981] pci 0000:00:01.1: legacy IDE quirk: reg 0x18: [io  0x0170-0x0177]
[    2.739647] pci 0000:00:01.1: legacy IDE quirk: reg 0x1c: [io  0x0376]
[    2.811459] pci 0000:00:07.0: quirk: [io  0x4000-0x403f] claimed by PIIX4 ACPI
[    2.839589] pci 0000:00:07.0: quirk: [io  0x4100-0x410f] claimed by PIIX4 SMB
[    2.898808] ACPI: PCI Interrupt Link [LNKA] (IRQs 5 9 10 *11)
[    2.918009] ACPI: PCI Interrupt Link [LNKB] (IRQs 5 9 *10 11)
[    2.954958] ACPI: PCI Interrupt Link [LNKC] (IRQs 5 *9 10 11)
[    2.965774] ACPI: PCI Interrupt Link [LNKD] (IRQs 5 9 10 *11)
[    2.976835] ACPI: Enabled 2 GPEs in block 00 to 07
[    3.002961] vgaarb: setting as boot device: PCI:0000:00:02.0
[    3.031938] vgaarb: device added: PCI:0000:00:02.0,decodes=io+mem,owns=io+mem,locks=none
[    3.034600] vgaarb: loaded
[    3.046483] vgaarb: bridge control possible 0000:00:02.0
[    3.047649] SCSI subsystem initialized
[    3.048428] ACPI: bus type USB registered
[    3.053660] usbcore: registered new interface driver usbfs
[    3.055733] usbcore: registered new interface driver hub
[    3.094175] usbcore: registered new device driver usb
[    3.114719] PCI: Using ACPI for IRQ routing
[    3.147042] NetLabel: Initializing
[    3.160145] NetLabel:  domain hash size = 128
[    3.194804] NetLabel:  protocols = UNLABELED CIPSOv4
[    3.240497] NetLabel:  unlabeled traffic allowed by default
[    3.262190] amd_nb: Cannot enumerate AMD northbridges
[    3.280892] clocksource: Switched to clocksource kvm-clock
[    3.315204] AppArmor: AppArmor Filesystem Enabled
[    3.317485] pnp: PnP ACPI init
[    3.322931] pnp: PnP ACPI: found 3 devices
[    3.327865] PnPBIOS: Disabled by ACPI PNP
[    3.381097] clocksource: acpi_pm: mask: 0xffffff max_cycles: 0xffffff, max_idle_ns: 2085701024 ns
[    3.399886] NET: Registered protocol family 2
[    3.431095] TCP established hash table entries: 8192 (order: 3, 32768 bytes)
[    3.444464] TCP bind hash table entries: 8192 (order: 4, 65536 bytes)
[    3.461872] TCP: Hash tables configured (established 8192 bind 8192)
[    3.470520] UDP hash table entries: 512 (order: 2, 16384 bytes)
[    3.530675] UDP-Lite hash table entries: 512 (order: 2, 16384 bytes)
[    3.561092] NET: Registered protocol family 1
[    3.577658] pci 0000:00:00.0: Limiting direct PCI/PCI transfers
[    3.613560] pci 0000:00:01.0: Activating ISA DMA hang workarounds
[    3.634335] Unpacking initramfs...
[    3.909354] Freeing initrd memory: 14764K
[    3.916894] platform rtc_cmos: registered platform RTC device (no PNP device found)
[    3.933633] Scanning for low memory corruption every 60 seconds
[    3.947021] audit: initializing netlink subsys (disabled)
[    3.952700] audit: type=2000 audit(1546533240.444:1): initialized
[    3.969109] Initialise system trusted keyring
[    3.974640] HugeTLB registered 2 MB page size, pre-allocated 0 pages
[    3.994998] zbud: loaded
[    3.999232] VFS: Disk quotas dquot_6.6.0
[    4.001409] VFS: Dquot-cache hash table entries: 1024 (order 0, 4096 bytes)
[    4.017288] squashfs: version 4.0 (2009/01/31) Phillip Lougher
[    4.046530] fuse init (API version 7.23)
[    4.053872] Key type big_key registered
[    4.055187] Allocating IMA MOK and blacklist keyrings.
[    4.056264] Key type asymmetric registered
[    4.078652] Asymmetric key parser 'x509' registered
[    4.098554] bounce: pool size: 64 pages
[    4.099350] Block layer SCSI generic (bsg) driver version 0.4 loaded (major 249)
[    4.117349] io scheduler noop registered
[    4.120158] io scheduler deadline registered (default)
[    4.121270] io scheduler cfq registered
[    4.133701] pci_hotplug: PCI Hot Plug PCI Core version: 0.5
[    4.138430] pciehp: PCI Express Hot Plug Controller Driver version: 0.4
[    4.154387] ACPI: AC Adapter [AC] (off-line)
[    4.188828] input: Power Button as /devices/LNXSYSTM:00/LNXPWRBN:00/input/input0
[    4.202399] ACPI: Power Button [PWRF]
[    4.211669] input: Sleep Button as /devices/LNXSYSTM:00/LNXSLPBN:00/input/input1
[    4.246649] ACPI: Sleep Button [SLPF]
[    4.253339] ACPI: Battery Slot [BAT0] (battery present)
[    4.279726] GHES: HEST is not enabled!
[    4.301628] Serial: 8250/16550 driver, 32 ports, IRQ sharing enabled
[    4.325153] isapnp: Scanning for PnP cards...
[    4.382710] 00:02: ttyS0 at I/O 0x3f8 (irq = 4, base_baud = 115200) is a 16550A
[    4.513263] Linux agpgart interface v0.103
[    4.527967] loop: module loaded
[    4.536832] scsi host0: ata_piix
[    4.606082] scsi host1: ata_piix
[    4.617379] ata1: PATA max UDMA/33 cmd 0x1f0 ctl 0x3f6 bmdma 0xd000 irq 14
[    4.634067] ata2: PATA max UDMA/33 cmd 0x170 ctl 0x376 bmdma 0xd008 irq 15
[    4.636750] libphy: Fixed MDIO Bus: probed
[    4.646688] tun: Universal TUN/TAP device driver, 1.6
[    4.661208] tun: (C) 1999-2004 Max Krasnyansky <maxk@qualcomm.com>
[    4.711505] PPP generic driver version 2.4.2
[    4.714082] ehci_hcd: USB 2.0 'Enhanced' Host Controller (EHCI) Driver
[    4.783111] ehci-pci: EHCI PCI platform driver
[    4.786359] ehci-platform: EHCI generic platform driver
[    4.789571] ohci_hcd: USB 1.1 'Open' Host Controller (OHCI) Driver
[    4.799786] ohci-pci: OHCI PCI platform driver
[    4.802763] ohci-platform: OHCI generic platform driver
[    4.806950] uhci_hcd: USB Universal Host Controller Interface driver
[    4.815582] i8042: PNP: PS/2 Controller [PNP0303:PS2K,PNP0f03:PS2M] at 0x60,0x64 irq 1,12
[    4.819983] serio: i8042 KBD port at 0x60,0x64 irq 1
[    4.872922] serio: i8042 AUX port at 0x60,0x64 irq 12
[    4.880509] mousedev: PS/2 mouse device common for all mice
[    4.884065] input: AT Translated Set 2 keyboard as /devices/platform/i8042/serio0/input/input2
[    4.886767] rtc_cmos rtc_cmos: rtc core: registered rtc_cmos as rtc0
[    4.888331] rtc_cmos rtc_cmos: alarms up to one day, 114 bytes nvram
[    4.909746] i2c /dev entries driver
[    4.910369] device-mapper: uevent: version 1.0.3
[    4.925599] tsc: Refined TSC clocksource calibration: 2304.207 MHz
[    4.928625] clocksource: tsc: mask: 0xffffffffffffffff max_cycles: 0x2136bb4cb40, max_idle_ns: 440795280565 ns
[    5.006440] device-mapper: ioctl: 4.34.0-ioctl (2015-10-28) initialised: dm-devel@redhat.com
[    5.037821] platform eisa.0: Probing EISA bus 0
[    5.100091] isapnp: No Plug & Play device found
[    5.108507] platform eisa.0: EISA: Cannot allocate resource for mainboard
[    5.109677] platform eisa.0: Cannot allocate resource for EISA slot 1
[    5.143675] platform eisa.0: Cannot allocate resource for EISA slot 2
[    5.150023] platform eisa.0: Cannot allocate resource for EISA slot 3
[    5.176250] platform eisa.0: Cannot allocate resource for EISA slot 4
[    5.179604] platform eisa.0: Cannot allocate resource for EISA slot 5
[    5.180523] platform eisa.0: Cannot allocate resource for EISA slot 6
[    5.181439] platform eisa.0: Cannot allocate resource for EISA slot 7
[    5.189493] platform eisa.0: Cannot allocate resource for EISA slot 8
[    5.221382] platform eisa.0: EISA: Detected 0 cards
[    5.222104] cpufreq-nforce2: No nForce2 chipset.
[    5.222855] ledtrig-cpu: registered to indicate activity on CPUs
[    5.227944] NET: Registered protocol family 10
[    5.237972] NET: Registered protocol family 17
[    5.243968] Key type dns_resolver registered
[    5.249006] Using IPI No-Shortcut mode
[    5.259469] registered taskstats version 1
[    5.260258] Loading compiled-in X.509 certificates
[    5.282893] Loaded X.509 cert 'Build time autogenerated kernel key: 497b9af16d4bdcbfb679e812a757b9e8ff37ccf4'
[    5.311372] zswap: loaded using pool lzo/zbud
[    5.326079] Key type trusted registered
[    5.335005] Key type encrypted registered
[    5.339883] AppArmor: AppArmor sha1 policy hashing enabled
[    5.359043] ima: No TPM chip found, activating TPM-bypass!
[    5.361422] ima: Allocated hash algorithm: sha1
[    5.392466] evm: HMAC attrs: 0x1
[    5.414587]   Magic number: 3:918:589
[    5.433591] rtc_cmos rtc_cmos: setting system clock to 2019-01-03 16:33:59 UTC (1546533239)
[    5.461703] BIOS EDD facility v0.16 2004-Jun-25, 0 devices found
[    5.462771] EDD information not available.
[    5.464107] Freeing unused kernel memory: 952K
[    5.488963] Write protecting the kernel text: 8052k
[    5.493904] Write protecting the kernel read-only data: 3184k
[    5.506176] NX-protecting the kernel data: 6284k
Loading, please wait...
starting version 229
[    5.529984] random: systemd-udevd: uninitialized urandom read (16 bytes read, 4 bits of entropy available)
[    5.544571] random: udevadm: uninitialized urandom read (16 bytes read, 4 bits of entropy available)
[    5.557062] random: systemd-udevd: uninitialized urandom read (16 bytes read, 4 bits of entropy available)
[    5.636080] random: udevadm: uninitialized urandom read (16 bytes read, 4 bits of entropy available)
[    5.659861] random: udevadm: uninitialized urandom read (16 bytes read, 4 bits of entropy available)
[    5.671155] random: udevadm: uninitialized urandom read (16 bytes read, 4 bits of entropy available)
[    5.686533] random: systemd-udevd: uninitialized urandom read (16 bytes read, 4 bits of entropy available)
[    5.699624] random: udevadm: uninitialized urandom read (16 bytes read, 4 bits of entropy available)
[    5.724580] random: udevadm: uninitialized urandom read (16 bytes read, 4 bits of entropy available)
[    5.731854] random: udevadm: uninitialized urandom read (16 bytes read, 4 bits of entropy available)
[    6.030982] e1000: Intel(R) PRO/1000 Network Driver - version 7.3.21-k8-NAPI
[    6.042789] e1000: Copyright (c) 1999-2006 Intel Corporation.
[    6.161019] Fusion MPT base driver 3.04.20
[    6.194238] Copyright (c) 1999-2008 LSI Corporation
[    6.321899] input: ImExPS/2 Generic Explorer Mouse as /devices/platform/i8042/serio1/input/input4
[    6.415805] Fusion MPT SPI Host driver 3.04.20
[    7.019740] e1000 0000:00:03.0 eth0: (PCI:33MHz:32-bit) 02:cf:bf:99:d3:16
[    7.083236] e1000 0000:00:03.0 eth0: Intel(R) PRO/1000 Network Connection
[    7.138081] mptbase: ioc0: Initiating bringup
[    7.225831] ioc0: LSI53C1030 A0: Capabilities={Initiator}
[    7.420599] scsi host2: ioc0: LSI53C1030 A0, FwRev=00000000h, Ports=1, MaxQ=256, IRQ=20
[    7.577805] scsi 2:0:0:0: Direct-Access     VBOX     HARDDISK         1.0  PQ: 0 ANSI: 5
[    7.603380] scsi target2:0:0: Beginning Domain Validation
[    7.621497] scsi target2:0:0: Domain Validation skipping write tests
[    7.641514] scsi target2:0:0: Ending Domain Validation
[    7.695352] scsi target2:0:0: asynchronous
[    7.767937] scsi 2:0:1:0: Direct-Access     VBOX     HARDDISK         1.0  PQ: 0 ANSI: 5
[    7.807277] scsi target2:0:1: Beginning Domain Validation
[    7.963137] scsi target2:0:1: Domain Validation skipping write tests
[    7.975513] scsi target2:0:1: Ending Domain Validation
[    8.008777] scsi target2:0:1: asynchronous
[    8.227948] sd 2:0:0:0: Attached scsi generic sg0 type 0
[    8.252826] sd 2:0:0:0: [sda] 20971520 512-byte logical blocks: (10.7 GB/10.0 GiB)
[    8.308031] sd 2:0:1:0: [sdb] 20480 512-byte logical blocks: (10.5 MB/10.0 MiB)
[    8.333395] sd 2:0:1:0: Attached scsi generic sg1 type 0
[    8.381204] sd 2:0:0:0: [sda] Write Protect is off
[    8.421725] sd 2:0:1:0: [sdb] Write Protect is off
[    8.488819] sd 2:0:0:0: [sda] Incomplete mode parameter data
[    8.529991] sd 2:0:0:0: [sda] Assuming drive cache: write through
[    8.576764] sd 2:0:1:0: [sdb] Incomplete mode parameter data
[    8.620778] sd 2:0:1:0: [sdb] Assuming drive cache: write through
[    8.679784]  sda: sda1
[    8.690754] sd 2:0:0:0: [sda] Attached SCSI disk
[    8.699714] sd 2:0:1:0: [sdb] Attached SCSI disk
[    8.766671] e1000 0000:00:08.0 eth1: (PCI:33MHz:32-bit) 08:00:27:e1:0c:29
[    8.784376] e1000 0000:00:08.0 eth1: Intel(R) PRO/1000 Network Connection
[    8.800639] e1000 0000:00:08.0 enp0s8: renamed from eth1
[    8.837655] e1000 0000:00:03.0 enp0s3: renamed from eth0
Begin: Loading e[   10.085367] md: linear personality registered for level -1
ssential drivers ... [   10.200424] md: multipath personality registered for level -4
[   10.321147] md: raid0 personality registered for level 0
[   10.341609] md: raid1 personality registered for level 1
[   10.445259] raid6: mmxx1    gen()  6841 MB/s
[   10.577109] raid6: mmxx2    gen()  6800 MB/s
[   10.788948] raid6: sse1x1   gen()  6385 MB/s
[   10.921178] raid6: sse1x2   gen()  7018 MB/s
[   11.001231] raid6: sse2x1   gen() 12067 MB/s
[   11.089038] raid6: sse2x1   xor()  7852 MB/s
[   11.177379] raid6: sse2x2   gen() 14844 MB/s
[   11.333166] raid6: sse2x2   xor()  9979 MB/s
[   11.485328] raid6: avx2x1   gen()  9760 MB/s
[   11.584932] raid6: avx2x2   gen() 24435 MB/s
[   11.595218] raid6: using algorithm avx2x2 gen() 24435 MB/s
[   11.659440] raid6: using avx2x1 recovery algorithm
[   11.664034] xor: automatically using best checksumming function:
[   11.725016]    avx       : 25875.000 MB/sec
[   11.737146] async_tx: api initialized (async)
[   11.770080] md: raid6 personality registered for level 6
[   11.797163] md: raid5 personality registered for level 5
[   11.809854] md: raid4 personality registered for level 4
[   11.846271] md: raid10 personality registered for level 10
done.
Begin: Running /scripts/init-premount ... done.
Begin: Mounting root file system ... Begin: Running /scripts/local-top ... done.
Begin: Running /scripts/local-premount ... [   11.923386] Btrfs loaded
Scanning for Btrfs filesystems
done.
Warning: fsck no[   11.961603] EXT4-fs (sda1): INFO: recovery required on readonly filesystem
t present, so sk[   12.012087] EXT4-fs (sda1): write access will be enabled during recovery
ipping root file system
[   12.127141] EXT4-fs (sda1): orphan cleanup on readonly fs
[   12.128510] EXT4-fs (sda1): 6 orphan inodes deleted
[   12.132665] EXT4-fs (sda1): recovery complete
[   12.140362] EXT4-fs (sda1): mounted filesystem with ordered data mode. Opts: (null)
done.
Begin: Running /scripts/local-bottom ... done.
Begin: Running /scripts/init-bottom ... done.
[   12.245206] systemd[1]: systemd 229 running in system mode. (+PAM +AUDIT +SELINUX +IMA +APPARMOR +SMACK +SYSVINIT +UTMP +LIBCRYPTSETUP +GCRYPT +GNUTLS +ACL +XZ -LZ4 +SECCOMP +BLKID +ELFUTILS +KMOD -IDN)
[   12.306789] systemd[1]: Detected virtualization oracle.
[   12.348681] systemd[1]: Detected architecture x86.

Welcome to [1mUbuntu 16.04.5 LTS[0m!

[   12.402288] systemd[1]: Set hostname to <kouosl>.
[   12.494961] random: nonblocking pool is initialized
[   12.638238] systemd[1]: Listening on LVM2 metadata daemon socket.
[[0;32m  OK  [0m] Listening on LVM2 metadata daemon socket.
[   12.677526] systemd[1]: Listening on /dev/initctl Compatibility Named Pipe.
[[0;32m  OK  [0m] Listening on /dev/initctl Compatibility Named Pipe.
[   12.785466] systemd[1]: Reached target Encrypted Volumes.
[[0;32m  OK  [0m] Reached target Encrypted Volumes.
[   12.937911] systemd[1]: Created slice User and Session Slice.
[[0;32m  OK  [0m] Created slice User and Session Slice.
[   13.093872] systemd[1]: Listening on Device-mapper event daemon FIFOs.
[[0;32m  OK  [0m] Listening on Device-mapper event daemon FIFOs.
[   13.217801] systemd[1]: Reached target User and Group Name Lookups.
[[0;32m  OK  [0m] Reached target User and Group Name Lookups.
[   13.393796] systemd[1]: Set up automount Arbitrary Executable File Formats File System Automount Point.
[[0;32m  OK  [0m] Set up automount Arbitrary Executab...ats File System Automount Point.
[   13.443753] systemd[1]: Listening on Journal Socket.
[[0;32m  OK  [0m] Listening on Journal Socket.
[   13.482867] systemd[1]: Listening on Journal Audit Socket.
[[0;32m  OK  [0m] Listening on Journal Audit Socket.
[   13.513769] systemd[1]: Reached target Swap.
[[0;32m  OK  [0m] Reached target Swap.
[   13.548548] systemd[1]: Reached target System Time Synchronized.
[[0;32m  OK  [0m] Reached target System Time Synchronized.
[   13.570247] systemd[1]: Listening on LVM2 poll daemon socket.
[[0;32m  OK  [0m] Listening on LVM2 poll daemon socket.
[   13.633260] systemd[1]: Started Trigger resolvconf update for networkd DNS.
[[0;32m  OK  [0m] Started Trigger resolvconf update for networkd DNS.
[   13.664170] systemd[1]: Listening on udev Kernel Socket.
[[0;32m  OK  [0m] Listening on udev Kernel Socket.
[   13.689396] systemd[1]: Listening on udev Control Socket.
[[0;32m  OK  [0m] Listening on udev Control Socket.
[   13.734087] systemd[1]: Created slice System Slice.
[[0;32m  OK  [0m] Created slice System Slice.
[   13.746421] systemd[1]: Mounting Debug File System...
         Mounting Debug FileeSystem...
[   13.770265] systemd[1]: Starting Create list of required static device nodes for the current kernel...
         Starting Create list of required st... nodes for the current kernel...
[   13.849096] systemd[1]: Starting Nameserver information manager...
         Starting Nameserver information manager...
[   13.865475] systemd[1]: Mounting POSIX Message Queue File System...
         Mounting POSIX Message Queue File System...
[   13.914322] systemd[1]: Mounting Huge Pages File System...
         Mounting Huge Pages File System...
[   13.982701] systemd[1]: Reached target Slices.
[[0;32m  OK  [0m] Reached target Slices.
[   14.015065] systemd[1]: Starting Load Kernel Modules...
         Starting Load Kernel Modules...
[   14.038148] systemd[1]: Starting Set console keymap...
[   14.045235] Loading iSCSI transport class v2.0-870.
         Starting Set console keymap...
[   14.138713] systemd[1]: Starting Remount Root and Kernel File Systems...
[   14.164540] iscsi: registered transport (tcp)
         Starting Remount[   14.197024] EXT4-fs (sda1): re-mounted. Opts: (null)
 Root and Kernel File Systems...
[   14.265519] systemd[1]: Created slice system-serial\x2dgetty.slice.
[[0;32m  OK  [0m] Created slice system-serial\x2dgetty.slice.
[   14.279950] systemd[1]: Starting Uncomplicated firewall...
         [   14.295254] iscsi: registered transport (iser)
Starting Uncomplicated firewall...
[   14.388579] systemd[1]: Starting Monitoring of LVM2 mirrors, snapshots etc. using dmeventd or progress polling...
         Starting Monitoring of LVM2 mirrors... dmeventd or progress polling...
[   14.474100] systemd[1]: Started Forward Password Requests to Wall Directory Watch.
[[0;32m  OK  [0m] Started Forward Password Requests to Wall Directory Watch.
[   14.490452] systemd[1]: Listening on Syslog Socket.
[[0;32m  OK  [0m] Listening on Syslog Socket.
[   14.502783] systemd[1]: Listening on Journal Socket (/dev/log).
[[0;32m  OK  [0m] Listening on Journal Socket (/dev/log).
[   14.525585] systemd[1]: Starting Journal Service...
         Starting Journal Service...
[   14.575772] systemd[1]: Mounted Debug File System.
[[0;32m  OK  [0m] Mounted Debug File System.
[   14.633169] systemd[1]: Mounted Huge Pages File System.
[[0;32m  OK  [0m] Mounted Huge Pages File System.
[   14.657333] systemd[1]: Mounted POSIX Message Queue File System.
[[0;32m  OK  [0m] Mounted POSIX Message Queue File System.
[   14.676930] systemd[1]: Started Journal Service.
[[0;32m  OK  [0m] Started Journal Service.
[[0;32m  OK  [0m] Started Create list of required sta...ce nodes for the current kernel.
[[0;32m  OK  [0m] Started Load Kernel Modules.
[[0;32m  OK  [0m] Started Set console keymap.
[[0;32m  OK  [0m] Started Remount Root and Kernel File Systems.
[[0;32m  OK  [0m] Started Uncomplicated firewall.
[[0;32m  OK  [0m] Started Nameserver information manager.
[[0;32m  OK  [0m] Started LVM2 metadata daemon.
         Starting Load/Save Random Seed...
         Starting udev Coldplug all Devices...
         Mounting FUSE Control File System...
         Starting Apply Kernel Variables...
         Starting Create Static Device Nodes in /dev...
         Starting Flush Journal to Persistent Storage...
[[0;32m  OK  [0m] Mounted FUSE Control File System.
[[0;32m  OK  [0m] Started Monitoring of LVM2 mirrors,...ng dmeventd or progress polling.
[[0;32m  OK  [0m] Started Load/Save Random Seed.
[[0;32m  OK  [0m] Started Apply Kernel Variables.
[[0;32m  OK  [0m] Started Create Static Device Nodes in /dev.
[[0;32m  OK  [0m] Started udev Coldplug all Devices.
[[0;32m  OK  [0m] Started Flush Journal to Persistent Storage.
         Starting udev Kernel Device Manager...
[[0;32m  OK  [0m] Reached target Local File Systems (Pre).
[[0;32m  OK  [0m] Reached target Local File Systems.
         Starting Initial cloud-init job (pre-networking)...
         Starting Create Volatile Files and Directories...
         Starting Set console font and keymap...
         Starting LSB: AppArmor initialization...
         Starting Tell Plymouth To Write Out Runtime Data...
[[0;32m  OK  [0m] Started udev Kernel Device Manager.
[[0;32m  OK  [0m] Started Create Volatile Files and Directories.
[[0;32m  OK  [0m] Started Tell Plymouth To Write Out Runtime Data.
[[0;32m  OK  [0m] Found device /dev/ttyS0.
[[0;32m  OK  [0m] Listening on Load/Save RF Kill Switch Status /dev/rfkill Watch.
         Starting Update UTMP about System Boot/Shutdown...
[[0;32m  OK  [0m] Started Dispatch Password Requests to Console Directory Watch.
[[0;32m  OK  [0m] Started LSB: AppArmor initialization.
[[0;32m  OK  [0m] Started Update UTMP about System Boot/Shutdown.
[[0;32m  OK  [0m] Found device 82540EM Gigabit Ethern...r (PRO/1000 MT Desktop Adapter).
[[0;32m  OK  [0m] Started Set console font and keymap.
[   15.988634] cloud-init[475]: Cloud-init v. 18.4-0ubuntu1~16.04.2 running 'init-local' at Thu, 03 Jan 2019 16:34:11 +0000. Up 15.18 seconds.
[[0;32m  OK  [0m] Started Initial cloud-init job (pre-networking).
[[0;32m  OK  [0m] Found device 82540EM Gigabit Ethern...r (PRO/1000 MT Desktop Adapter).
[[0;32m  OK  [0m] Reached target Network (Pre).
[[0;32m  OK  [0m] Started ifup for enp0s8.
         Starting Raise network interfaces...
[[0;32m  OK  [0m] Started ifup for enp0s3.
[[0;32m  OK  [0m] Created slice system-getty.slice.
[[0;32m  OK  [0m] Started Raise network interfaces.
         Starting Initial cloud-init job (metadata service crawler)...
[[0;32m  OK  [0m] Reached target Network.
[   17.513926] cloud-init[1048]: Cloud-init v. 18.4-0ubuntu1~16.04.2 running 'init' at Thu, 03 Jan 2019 16:34:14 +0000. Up 17.28 seconds.
[   17.620749] cloud-init[1048]: ci-info: ++++++++++++++++++++++++++++++++++++++Net device info++++++++++++++++++++++++++++++++++++++
[[0;32m  OK  [0m] Started Initial cloud-init job (metadata service crawler).
[   17.690702] cloud-init[1048]: ci-info: +--------+------+----------------------------+---------------+--------+-------------------+
[   17.730572] cloud-init[1048]: ci-info: | Device |  Up  |          Address           |      Mask     | Scope  |     Hw-Address    |
[   17.852745] cloud-init[1048]: ci-info: +--------+------+----------------------------+---------------+--------+-------------------+
[   17.856878] cloud-init[1048]: ci-info: | enp0s3 | True |         10.0.2.15          | 255.255.255.0 | global | 02:cf:bf:99:d3:16 |
[[0;32m  OK  [0m] Reached target Cloud-config availability.
[[0;32m  OK  [0m] Reached target System Initialization.
[   17.955041] cloud-init[1048]: ci-info: | enp0s3 | True | fe80::cf:bfff:fe99:d316/64 |       .       |  link  | 02:cf:bf:99:d3:16 |
[   18.261198] cloud-init[1048]: ci-info: | enp0s8 | True |       192.168.83.137       | 255.255.255.0 | global | 08:00:27:e1:0c:29 |
[[0;32m  OK  [0m] Listening on ACPID Listen Socket.
         Starting Socket activation for snappy daemon.
[   18.379851] cloud-init[1048]: ci-info: | enp0s8 | True | fe80::a00:27ff:fee1:c29/64 |       .       |  link  | 08:00:27:e1:0c:29 |
[   18.488964] cloud-init[1048]: ci-info: |   lo   | True |         127.0.0.1          |   255.0.0.0   |  host  |         .         |
[[0;32m  OK  [0m] Started Daily apt download activities.
[[0;32m  OK  [0m] Started Daily apt upgrade and clean activities.
[   18.634381] cloud-init[1048]: ci-info: |   lo   | True |          ::1/128           |       .       |  host  |         .         |
[   18.833955] cloud-init[1048]: ci-info: +--------+------+----------------------------+---------------+--------+-------------------+
[[0;32m  OK  [0m] Listening on D-Bus System Message Bus Socket.
[[0;32m  OK  [0m] Started Daily Cleanup of Temporary Directories.
[   18.847448] cloud-init[1048]: ci-info: ++++++++++++++++++++++++++++Route IPv4 info++++++++++++++++++++++++++++
[   19.072316] cloud-init[1048]: ci-info: +-------+--------------+----------+---------------+-----------+-------+
[[0;32m  OK  [0m] Reached target Timers.
[   19.167990] cloud-init[1048]: ci-info: | Route | Destination  | Gateway  |    Genmask    | Interface | Flags |
[   19.253143] cloud-init[1048]: ci-info: +-------+--------------+----------+---------------+-----------+-------+
[   19.372156] cloud-init[1048]: ci-info: |   0   |   0.0.0.0    | 10.0.2.2 |    0.0.0.0    |   enp0s3  |   UG  |
[[0;32m  OK  [0m] Started ACPI Events Check.
[[0;32m  OK  [0m] Reached target Paths.
[   19.430569] cloud-init[1048]: ci-info: |   1   |   10.0.2.0   | 0.0.0.0  | 255.255.255.0 |   enp0s3  |   U   |
[   19.497974] cloud-init[1048]: ci-info: |   2   | 192.168.83.0 | 0.0.0.0  | 255.255.255.0 |   enp0s8  |   U   |
[[0;32m  OK  [0m] Listening on UUID daemon activation socket.
         Starting LXD - unix socket.
[   19.537894] cloud-init[1048]: ci-info: +-------+--------------+----------+---------------+-----------+-------+
[   19.650764] cloud-init[1048]: ci-info: +++++++++++++++++++Route IPv6 info+++++++++++++++++++
[[0;32m  OK  [0m] Reached target Network is Online.
         Starting iSCSI initiator daemon (iscsid)...
[[0;32m  OK  [0m] Listening on Socket activation for snappy daemon.
[   19.659159] cloud-init[1048]: ci-info: +-------+-------------+---------+-----------+-------+
[   19.834802] cloud-init[1048]: ci-info: | Route | Destination | Gateway | Interface | Flags |
[[0;32m  OK  [0m] Listening on LXD - unix socket.
[   19.897607] cloud-init[1048]: ci-info: +-------+-------------+---------+-----------+-------+
[   19.955197] cloud-init[1048]: ci-info: |   0   |  fe80::/64  |    ::   |   enp0s8  |   U   |
[   19.971158] cloud-init[1048]: ci-info: |   1   |  fe80::/64  |    ::   |   enp0s3  |   U   |
[   20.016182] cloud-init[1048]: ci-info: |   4   |   ff00::/8  |    ::   |   enp0s8  |   U   |
[   20.140769] cloud-init[1048]: ci-info: |   5   |   ff00::/8  |    ::   |   enp0s3  |   U   |
[[0;32m  OK  [0m] Started iSCSI initiator daemon (iscsid).
[   20.150515] cloud-init[1048]: ci-info: +-------+-------------+---------+-----------+-------+
         Starting Login to default iSCSI targets...
[[0;32m  OK  [0m] Reached target Sockets.
[[0;32m  OK  [0m] Reached target Basic System.
[[0;32m  OK  [0m] Started D-Bus System Message Bus.
[[0;32m  OK  [0m] Started Deferred execution scheduler.
         Starting Virtualbox guest utils...
[[0;32m  OK  [0m] Started FUSE filesystem for LXC.
[[0;32m  OK  [0m] Started Regular background program processing daemon.
         Starting OpenBSD Secure Shell server...
[[0;32m  OK  [0m] Started Unattended Upgrades Shutdown.
         Starting LSB: Record successful boot for GRUB...
         Starting LXD - container startup/shutdown...
         Starting System Logging Service...
         Starting Login Service...
         Starting /etc/rc.local Compatibility...
         Starting Snappy daemon...
         Starting Accounts Service...
[[0;32m  OK  [0m] Started ACPI event daemon.
         Starting LSB: MD monitoring daemon...
[[0;32m  OK  [0m] Started System Logging Service.
[[0;32m  OK  [0m] Started LXD - container startup/shutdown.
[[0;32m  OK  [0m] Started /etc/rc.local Compatibility.
[[0;32m  OK  [0m] Started OpenBSD Secure Shell server.
[[0;32m  OK  [0m] Started Snappy daemon.
[[0;32m  OK  [0m] Started Login to default iSCSI targets.
[[0;32m  OK  [0m] Started LSB: Record successful boot for GRUB.
[[0;32m  OK  [0m] Started Virtualbox guest utils.
[[0;32m  OK  [0m] Started LSB: MD monitoring daemon.
[[0;32m  OK  [0m] Started Login Service.
         Starting Authenticate and Authorize Users to Run Privileged Tasks...
[[0;32m  OK  [0m] Reached target Remote File Systems (Pre).
[[0;32m  OK  [0m] Reached target Remote File Systems.
         Starting LSB: Set the CPU Frequency Scaling governor to "ondemand"...
         Starting LSB: Apache2 web server...
         Starting Permit User Sessions...
         Starting LSB: Start and stop the mysql database server daemon...
         Starting LSB: automatic crash report generation...
         Starting LSB: daemon to balance interrupts for SMP systems...
         Starting Wait until snapd is fully seeded...
[[0;32m  OK  [0m] Started Permit User Sessions.
[[0;32m  OK  [0m] Started Wait until snapd is fully seeded.
[[0;32m  OK  [0m] Started Authenticate and Authorize Users to Run Privileged Tasks.
[[0;32m  OK  [0m] Started Accounts Service.
[[0;32m  OK  [0m] Started LSB: Set the CPU Frequency Scaling governor to "ondemand".
[[0;32m  OK  [0m] Created slice User Slice of vagrant.
         Starting User Manager for UID 1000...
[[0;32m  OK  [0m] Started Session 1 of user vagrant.
         Starting Apply the settings specified in cloud-config...
         Starting Terminate Plymouth Boot Screen...
         Starting Hold until boot process finishes up...
[[0;32m  OK  [0m] Started User Manager for UID 1000.
[[0;32m  OK  [0m] Started LSB: automatic crash report generation.
[[0;32m  OK  [0m] Started LSB: daemon to balance interrupts for SMP systems.
[[0;32m  OK  [0m] Started Terminate Plymouth Boot Screen.
[[0;32m  OK  [0m] Started Hold until boot process finishes up.
[[0;32m  OK  [0m] Started Serial Getty on ttyS0.
[[0;32m  OK  [0m] Started Getty on tty1.
[[0;32m  OK  [0m] Reached target Login Prompts.
         Starting Set console scheme...
[[0;32m  OK  [0m] Started Set console scheme.
[[0;32m  OK  [0m] Started LSB: Apache2 web server.
[   26.701125] cloud-init[1345]: Cloud-init v. 18.4-0ubuntu1~16.04.2 running 'modules:config' at Thu, 03 Jan 2019 16:34:22 +0000. Up 25.95 seconds.
[[0;32m  OK  [0m] Started Apply the settings specified in cloud-config.
[[0;32m  OK  [0m] Started LSB: Start and stop the mysql database server daemon.
[[0;32m  OK  [0m] Reached target Multi-User System.
         Starting Execute cloud user/final scripts...
[[0;32m  OK  [0m] Reached target Graphical Interface.
         Starting Update UTMP about System Runlevel Changes...
[[0;32m  OK  [0m] Started Update UTMP about System Runlevel Changes.
[   29.174725] cloud-init[1720]: Cloud-init v. 18.4-0ubuntu1~16.04.2 running 'modules:final' at Thu, 03 Jan 2019 16:34:25 +0000. Up 29.05 seconds.
[   29.175418] cloud-init[1720]: Cloud-init v. 18.4-0ubuntu1~16.04.2 finished at Thu, 03 Jan 2019 16:34:25 +0000. Datasource DataSourceNoCloud [seed=/dev/sdb][dsmode=net].  Up 29.15 seconds

Ubuntu 16.04.5 LTS kouosl ttyS0

kouosl login: 